<?xml version="1.0" encoding="UTF-8"?>
<testsuite xmlns:xsi="http://www.w3.org/2001/XMLSchema-instance" xsi:noNamespaceSchemaLocation="https://maven.apache.org/surefire/maven-surefire-plugin/xsd/surefire-test-report-3.0.xsd" version="3.0" name="com.walmart.LoginModule.LoginModuleApplicationTests" time="4.661" tests="1" errors="0" skipped="0" failures="0">
  <properties>
[...]
</properties>
  <testcase name="contextLoads" classname="com.walmart.LoginModule.LoginModuleApplicationTests" time="1.011">
    <system-out><![CDATA[04:09:13.268 [main] INFO org.springframework.test.context.support.AnnotationConfigContextLoaderUtils -- Could not detect default configuration classes for test class [com.walmart.LoginModule.LoginModuleApplicationTests]: LoginModuleApplicationTests does not declare any static, non-private, non-final, nested classes annotated with @Configuration.
04:09:13.392 [main] INFO org.springframework.boot.test.context.SpringBootTestContextBootstrapper -- Found @SpringBootConfiguration com.walmart.LoginModule.LoginModuleApplication for test class com.walmart.LoginModule.LoginModuleApplicationTests

  .   ____          _            __ _ _
 /\\ / ___'_ __ _ _(_)_ __  __ _ \ \ \ \
( ( )\___ | '_ | '_| | '_ \/ _` | \ \ \ \
 \\/  ___)| |_)| | | | | || (_| |  ) ) ) )
  '  |____| .__|_| |_|_| |_\__, | / / / /
 =========|_|==============|___/=/_/_/_/
 :: Spring Boot ::                (v3.1.5)

2023-11-15T04:09:13.845+05:30  INFO 42841 --- [           main] c.w.L.LoginModuleApplicationTests        : Starting LoginModuleApplicationTests using Java 17.0.7 with PID 42841 (started by r0r063r in /Users/r0r063r/Downloads/assginment-main)
2023-11-15T04:09:13.846+05:30  INFO 42841 --- [           main] c.w.L.LoginModuleApplicationTests        : No active profile set, falling back to 1 default profile: "default"
2023-11-15T04:09:14.601+05:30  INFO 42841 --- [           main] .s.d.r.c.RepositoryConfigurationDelegate : Bootstrapping Spring Data MongoDB repositories in DEFAULT mode.
2023-11-15T04:09:14.711+05:30  INFO 42841 --- [           main] .s.d.r.c.RepositoryConfigurationDelegate : Finished Spring Data repository scanning in 105 ms. Found 2 MongoDB repository interfaces.
2023-11-15T04:09:15.314+05:30  INFO 42841 --- [           main] org.mongodb.driver.client                : MongoClient with metadata {"driver": {"name": "mongo-java-driver|sync|spring-boot", "version": "4.9.1"}, "os": {"type": "Darwin", "name": "Mac OS X", "architecture": "x86_64", "version": "13.6"}, "platform": "Java/Oracle Corporation/17.0.7+8-LTS-224"} created with settings MongoClientSettings{readPreference=primary, writeConcern=WriteConcern{w=majority, wTimeout=null ms, journal=null}, retryWrites=true, retryReads=true, readConcern=ReadConcern{level=null}, credential=MongoCredential{mechanism=null, userName='arunbalaji5005', source='admin', password=<hidden>, mechanismProperties=<hidden>}, streamFactoryFactory=null, commandListeners=[], codecRegistry=ProvidersCodecRegistry{codecProviders=[ValueCodecProvider{}, BsonValueCodecProvider{}, DBRefCodecProvider{}, DBObjectCodecProvider{}, DocumentCodecProvider{}, CollectionCodecProvider{}, IterableCodecProvider{}, MapCodecProvider{}, GeoJsonCodecProvider{}, GridFSFileCodecProvider{}, Jsr310CodecProvider{}, JsonObjectCodecProvider{}, BsonCodecProvider{}, EnumCodecProvider{}, com.mongodb.client.model.mql.ExpressionCodecProvider@3069a360, com.mongodb.Jep395RecordCodecProvider@7235f92b]}, loggerSettings=LoggerSettings{maxDocumentLength=1000}, clusterSettings={hosts=[127.0.0.1:27017], srvHost=cluster0.g4gimeb.mongodb.net, srvServiceName=mongodb, mode=MULTIPLE, requiredClusterType=REPLICA_SET, requiredReplicaSetName='atlas-wdvewl-shard-0', serverSelector='null', clusterListeners='[]', serverSelectionTimeout='30000 ms', localThreshold='30000 ms'}, socketSettings=SocketSettings{connectTimeoutMS=10000, readTimeoutMS=0, receiveBufferSize=0, sendBufferSize=0}, heartbeatSocketSettings=SocketSettings{connectTimeoutMS=10000, readTimeoutMS=10000, receiveBufferSize=0, sendBufferSize=0}, connectionPoolSettings=ConnectionPoolSettings{maxSize=100, minSize=0, maxWaitTimeMS=120000, maxConnectionLifeTimeMS=0, maxConnectionIdleTimeMS=0, maintenanceInitialDelayMS=0, maintenanceFrequencyMS=60000, connectionPoolListeners=[], maxConnecting=2}, serverSettings=ServerSettings{heartbeatFrequencyMS=10000, minHeartbeatFrequencyMS=500, serverListeners='[]', serverMonitorListeners='[]'}, sslSettings=SslSettings{enabled=true, invalidHostNameAllowed=false, context=null}, applicationName='null', compressorList=[], uuidRepresentation=JAVA_LEGACY, serverApi=null, autoEncryptionSettings=null, contextProvider=null}
2023-11-15T04:09:15.328+05:30  INFO 42841 --- [meb.mongodb.net] org.mongodb.driver.cluster               : Adding discovered server ac-kz6jkjd-shard-00-01.g4gimeb.mongodb.net:27017 to client view of cluster
2023-11-15T04:09:15.355+05:30  INFO 42841 --- [meb.mongodb.net] org.mongodb.driver.cluster               : Adding discovered server ac-kz6jkjd-shard-00-02.g4gimeb.mongodb.net:27017 to client view of cluster
2023-11-15T04:09:15.356+05:30  INFO 42841 --- [meb.mongodb.net] org.mongodb.driver.cluster               : Adding discovered server ac-kz6jkjd-shard-00-00.g4gimeb.mongodb.net:27017 to client view of cluster
2023-11-15T04:09:16.080+05:30  INFO 42841 --- [           main] o.s.s.web.DefaultSecurityFilterChain     : Will secure any request with [org.springframework.security.web.session.DisableEncodeUrlFilter@6ad6443, org.springframework.security.web.context.request.async.WebAsyncManagerIntegrationFilter@78b03788, org.springframework.security.web.context.SecurityContextHolderFilter@539c4830, org.springframework.security.web.header.HeaderWriterFilter@28768e25, org.springframework.security.web.authentication.logout.LogoutFilter@743c3520, com.walmart.LoginModule.security.jwt.AuthTokenFilter@3f5dfe69, org.springframework.security.web.savedrequest.RequestCacheAwareFilter@28b523a, org.springframework.security.web.servletapi.SecurityContextHolderAwareRequestFilter@63d677f5, org.springframework.security.web.authentication.AnonymousAuthenticationFilter@571a663c, org.springframework.security.web.session.SessionManagementFilter@511da44f, org.springframework.security.web.access.ExceptionTranslationFilter@595f9916, org.springframework.security.web.access.intercept.AuthorizationFilter@68e2d03e]
2023-11-15T04:09:16.127+05:30  INFO 42841 --- [ngodb.net:27017] org.mongodb.driver.cluster               : Monitor thread successfully connected to server with description ServerDescription{address=ac-kz6jkjd-shard-00-01.g4gimeb.mongodb.net:27017, type=REPLICA_SET_PRIMARY, state=CONNECTED, ok=true, minWireVersion=0, maxWireVersion=17, maxDocumentSize=16777216, logicalSessionTimeoutMinutes=30, roundTripTimeNanos=478727670, setName='atlas-wdvewl-shard-0', canonicalAddress=ac-kz6jkjd-shard-00-01.g4gimeb.mongodb.net:27017, hosts=[ac-kz6jkjd-shard-00-00.g4gimeb.mongodb.net:27017, ac-kz6jkjd-shard-00-01.g4gimeb.mongodb.net:27017, ac-kz6jkjd-shard-00-02.g4gimeb.mongodb.net:27017], passives=[], arbiters=[], primary='ac-kz6jkjd-shard-00-01.g4gimeb.mongodb.net:27017', tagSet=TagSet{[Tag{name='availabilityZone', value='2'}, Tag{name='nodeType', value='ELECTABLE'}, Tag{name='provider', value='AZURE'}, Tag{name='region', value='INDIA_CENTRAL'}, Tag{name='workloadType', value='OPERATIONAL'}]}, electionId=7fffffff0000000000000039, setVersion=2, topologyVersion=TopologyVersion{processId=6532e056fe4b94c1d6b25446, counter=9}, lastWriteDate=Wed Nov 15 04:09:16 IST 2023, lastUpdateTimeNanos=120703949857618}
2023-11-15T04:09:16.127+05:30  INFO 42841 --- [ngodb.net:27017] org.mongodb.driver.cluster               : Monitor thread successfully connected to server with description ServerDescription{address=ac-kz6jkjd-shard-00-02.g4gimeb.mongodb.net:27017, type=REPLICA_SET_SECONDARY, state=CONNECTED, ok=true, minWireVersion=0, maxWireVersion=17, maxDocumentSize=16777216, logicalSessionTimeoutMinutes=30, roundTripTimeNanos=482674580, setName='atlas-wdvewl-shard-0', canonicalAddress=ac-kz6jkjd-shard-00-02.g4gimeb.mongodb.net:27017, hosts=[ac-kz6jkjd-shard-00-00.g4gimeb.mongodb.net:27017, ac-kz6jkjd-shard-00-01.g4gimeb.mongodb.net:27017, ac-kz6jkjd-shard-00-02.g4gimeb.mongodb.net:27017], passives=[], arbiters=[], primary='ac-kz6jkjd-shard-00-01.g4gimeb.mongodb.net:27017', tagSet=TagSet{[Tag{name='availabilityZone', value='3'}, Tag{name='nodeType', value='ELECTABLE'}, Tag{name='provider', value='AZURE'}, Tag{name='region', value='INDIA_CENTRAL'}, Tag{name='workloadType', value='OPERATIONAL'}]}, electionId=null, setVersion=2, topologyVersion=TopologyVersion{processId=6532df78509ace27448a9c97, counter=14}, lastWriteDate=Wed Nov 15 04:09:16 IST 2023, lastUpdateTimeNanos=120703949857708}
2023-11-15T04:09:16.127+05:30  INFO 42841 --- [ngodb.net:27017] org.mongodb.driver.cluster               : Monitor thread successfully connected to server with description ServerDescription{address=ac-kz6jkjd-shard-00-00.g4gimeb.mongodb.net:27017, type=REPLICA_SET_SECONDARY, state=CONNECTED, ok=true, minWireVersion=0, maxWireVersion=17, maxDocumentSize=16777216, logicalSessionTimeoutMinutes=30, roundTripTimeNanos=467673563, setName='atlas-wdvewl-shard-0', canonicalAddress=ac-kz6jkjd-shard-00-00.g4gimeb.mongodb.net:27017, hosts=[ac-kz6jkjd-shard-00-00.g4gimeb.mongodb.net:27017, ac-kz6jkjd-shard-00-01.g4gimeb.mongodb.net:27017, ac-kz6jkjd-shard-00-02.g4gimeb.mongodb.net:27017], passives=[], arbiters=[], primary='ac-kz6jkjd-shard-00-01.g4gimeb.mongodb.net:27017', tagSet=TagSet{[Tag{name='availabilityZone', value='1'}, Tag{name='nodeType', value='ELECTABLE'}, Tag{name='provider', value='AZURE'}, Tag{name='region', value='INDIA_CENTRAL'}, Tag{name='workloadType', value='OPERATIONAL'}]}, electionId=null, setVersion=2, topologyVersion=TopologyVersion{processId=6532de530b7c2f251f164df6, counter=11}, lastWriteDate=Wed Nov 15 04:09:16 IST 2023, lastUpdateTimeNanos=120703949858555}
2023-11-15T04:09:16.132+05:30  INFO 42841 --- [ngodb.net:27017] org.mongodb.driver.cluster               : Discovered replica set primary ac-kz6jkjd-shard-00-01.g4gimeb.mongodb.net:27017 with max election id 7fffffff0000000000000039 and max set version 2
2023-11-15T04:09:16.706+05:30  INFO 42841 --- [           main] c.w.L.LoginModuleApplicationTests        : Started LoginModuleApplicationTests in 3.14 seconds (process running for 4.296)
]]></system-out>
  </testcase>
</testsuite>